19:02:19.757 INFO [LoggingOptions.configureLogEncoding] - Using the system default encoding
19:02:19.763 INFO [OpenTelemetryTracer.createTracer] - Using OpenTelemetry for tracing
19:02:20.202 INFO [UnboundZmqEventBus.<init>] - Connecting to tcp://0.0.0.0:4442 and tcp://0.0.0.0:4443
19:02:20.282 INFO [UnboundZmqEventBus.<init>] - Sockets created
19:02:21.285 INFO [UnboundZmqEventBus.<init>] - Event bus ready
19:02:21.860 INFO [NodeServer.createHandlers] - Reporting self as: http://192.168.1.4:5555
19:02:22.841 INFO [NodeOptions.getSessionFactories] - Detected 12 available processors
19:02:22.843 INFO [NodeOptions.discoverDrivers] - Looking for existing drivers on the PATH.
19:02:22.843 INFO [NodeOptions.discoverDrivers] - Add '--selenium-manager true' to the startup command to setup drivers automatically.
19:02:24.195 WARN [SeleniumManager.lambda$runCommand$1] - Unable to discover proper geckodriver version in offline mode
19:02:24.657 WARN [SeleniumManager.lambda$runCommand$1] - Unable to discover proper IEDriverServer version in offline mode
19:02:24.706 INFO [NodeOptions.report] - Adding Internet Explorer for {"browserName": "internet explorer","platformName": "Windows 10"} 1 times
19:02:24.708 INFO [NodeOptions.report] - Adding Edge for {"browserName": "MicrosoftEdge","platformName": "Windows 10"} 12 times
19:02:24.709 INFO [NodeOptions.report] - Adding Firefox for {"browserName": "firefox","platformName": "Windows 10"} 12 times
19:02:24.711 INFO [NodeOptions.report] - Adding Chrome for {"browserName": "chrome","platformName": "Windows 10"} 12 times
19:02:24.826 INFO [Node.<init>] - Binding additional locator mechanisms: relative
19:02:26.294 INFO [NodeServer$1.start] - Starting registration process for Node http://192.168.1.4:5555
19:02:26.296 INFO [NodeServer.execute] - Started Selenium node 4.25.0 (revision 030fcf7918): http://192.168.1.4:5555
19:02:26.342 INFO [NodeServer$1.lambda$start$1] - Sending registration event...
19:02:36.380 INFO [NodeServer$1.lambda$start$1] - Sending registration event...
19:02:46.398 INFO [NodeServer$1.lambda$start$1] - Sending registration event...
19:02:56.418 INFO [NodeServer$1.lambda$start$1] - Sending registration event...
19:03:06.438 INFO [NodeServer$1.lambda$start$1] - Sending registration event...
19:03:16.463 INFO [NodeServer$1.lambda$start$1] - Sending registration event...
19:03:26.485 INFO [NodeServer$1.lambda$start$1] - Sending registration event...
19:03:36.508 INFO [NodeServer$1.lambda$start$1] - Sending registration event...
19:03:46.525 INFO [NodeServer$1.lambda$start$1] - Sending registration event...
19:03:56.546 INFO [NodeServer$1.lambda$start$1] - Sending registration event...
19:04:06.561 INFO [NodeServer$1.lambda$start$1] - Sending registration event...
19:04:16.572 INFO [NodeServer$1.lambda$start$1] - Sending registration event...
19:04:26.343 INFO [NodeServer$1.lambda$start$1] - Sending registration event...
